0 info it worked if it ends with ok
1 verbose cli [ 'c:\\Program Files\\nodejs\\node.exe',
1 verbose cli   'c:\\Program Files\\nodejs\\node_modules\\npm\\bin\\npm-cli.js',
1 verbose cli   'install',
1 verbose cli   '--',
1 verbose cli   'save-dev',
1 verbose cli   'gulp' ]
2 info using npm@1.4.28
3 info using node@v0.10.33
4 verbose readDependencies using package.json deps
5 verbose cache add [ 'save-dev', null ]
6 verbose cache add name=undefined spec="save-dev" args=["save-dev",null]
7 verbose parsed url { protocol: null,
7 verbose parsed url   slashes: null,
7 verbose parsed url   auth: null,
7 verbose parsed url   host: null,
7 verbose parsed url   port: null,
7 verbose parsed url   hostname: null,
7 verbose parsed url   hash: null,
7 verbose parsed url   search: null,
7 verbose parsed url   query: null,
7 verbose parsed url   pathname: 'save-dev',
7 verbose parsed url   path: 'save-dev',
7 verbose parsed url   href: 'save-dev' }
8 verbose cache add [ 'gulp', null ]
9 verbose cache add name=undefined spec="gulp" args=["gulp",null]
10 verbose parsed url { protocol: null,
10 verbose parsed url   slashes: null,
10 verbose parsed url   auth: null,
10 verbose parsed url   host: null,
10 verbose parsed url   port: null,
10 verbose parsed url   hostname: null,
10 verbose parsed url   hash: null,
10 verbose parsed url   search: null,
10 verbose parsed url   query: null,
10 verbose parsed url   pathname: 'gulp',
10 verbose parsed url   path: 'gulp',
10 verbose parsed url   href: 'gulp' }
11 silly lockFile 80ff035d-save-dev save-dev
12 verbose lock save-dev C:\Users\Robert.Southgate\AppData\Roaming\npm-cache\80ff035d-save-dev.lock
13 silly lockFile 9750c68d-gulp gulp
14 verbose lock gulp C:\Users\Robert.Southgate\AppData\Roaming\npm-cache\9750c68d-gulp.lock
15 silly lockFile 80ff035d-save-dev save-dev
16 silly lockFile 80ff035d-save-dev save-dev
17 silly lockFile 9750c68d-gulp gulp
18 silly lockFile 9750c68d-gulp gulp
19 verbose addNamed [ 'save-dev', '' ]
20 verbose addNamed [ null, '*' ]
21 silly lockFile e7602a59-save-dev save-dev@
22 verbose lock save-dev@ C:\Users\Robert.Southgate\AppData\Roaming\npm-cache\e7602a59-save-dev.lock
23 verbose addNamed [ 'gulp', '' ]
24 verbose addNamed [ null, '*' ]
25 silly lockFile 72f4391e-gulp gulp@
26 verbose lock gulp@ C:\Users\Robert.Southgate\AppData\Roaming\npm-cache\72f4391e-gulp.lock
27 silly addNameRange { name: 'save-dev', range: '*', hasData: false }
28 silly addNameRange { name: 'gulp', range: '*', hasData: false }
29 verbose request where is /save-dev
30 verbose request registry https://registry.npmjs.org/
31 verbose request id 43eecb8e20b1ab78
32 verbose url raw /save-dev
33 verbose url resolving [ 'https://registry.npmjs.org/', './save-dev' ]
34 verbose url resolved https://registry.npmjs.org/save-dev
35 verbose request where is https://registry.npmjs.org/save-dev
36 info trying registry request attempt 1 at 13:44:43
37 http GET https://registry.npmjs.org/save-dev
38 verbose request where is /gulp
39 verbose request registry https://registry.npmjs.org/
40 verbose url raw /gulp
41 verbose url resolving [ 'https://registry.npmjs.org/', './gulp' ]
42 verbose url resolved https://registry.npmjs.org/gulp
43 verbose request where is https://registry.npmjs.org/gulp
44 info trying registry request attempt 1 at 13:44:43
45 verbose etag "4DHEVFA8S8YQWMB2TOO4FFVP6"
46 http GET https://registry.npmjs.org/gulp
47 http 200 https://registry.npmjs.org/gulp
48 silly registry.get cb [ 200,
48 silly registry.get   { date: 'Wed, 17 Dec 2014 13:44:51 GMT',
48 silly registry.get     server: 'CouchDB/1.5.0 (Erlang OTP/R16B03)',
48 silly registry.get     etag: '"3B4D581DWKH8W7HY0V84ZKBT"',
48 silly registry.get     'content-type': 'application/json',
48 silly registry.get     'cache-control': 'max-age=60',
48 silly registry.get     'content-length': '96451',
48 silly registry.get     'accept-ranges': 'bytes',
48 silly registry.get     via: '1.1 varnish',
48 silly registry.get     age: '0',
48 silly registry.get     'x-served-by': 'cache-lcy1135-LCY',
48 silly registry.get     'x-cache': 'HIT',
48 silly registry.get     'x-cache-hits': '1',
48 silly registry.get     'x-timer': 'S1418823891.466514,VS0,VE154',
48 silly registry.get     vary: 'Accept',
48 silly registry.get     'keep-alive': 'timeout=10, max=50',
48 silly registry.get     connection: 'Keep-Alive' } ]
49 silly addNameRange number 2 { name: 'gulp', range: '*', hasData: true }
50 silly addNameRange versions [ 'gulp',
50 silly addNameRange   [ '0.0.1',
50 silly addNameRange     '0.0.2',
50 silly addNameRange     '0.0.3',
50 silly addNameRange     '0.0.4',
50 silly addNameRange     '0.0.5',
50 silly addNameRange     '0.0.7',
50 silly addNameRange     '0.0.8',
50 silly addNameRange     '0.0.9',
50 silly addNameRange     '0.1.0',
50 silly addNameRange     '0.2.0',
50 silly addNameRange     '1.0.0',
50 silly addNameRange     '1.1.0',
50 silly addNameRange     '1.2.0',
50 silly addNameRange     '1.2.1',
50 silly addNameRange     '2.0.0',
50 silly addNameRange     '2.0.1',
50 silly addNameRange     '2.1.0',
50 silly addNameRange     '2.2.0',
50 silly addNameRange     '2.3.0',
50 silly addNameRange     '2.4.0',
50 silly addNameRange     '2.4.1',
50 silly addNameRange     '2.6.0',
50 silly addNameRange     '2.6.1',
50 silly addNameRange     '2.7.0',
50 silly addNameRange     '3.0.0',
50 silly addNameRange     '3.1.1',
50 silly addNameRange     '3.1.2',
50 silly addNameRange     '3.1.3',
50 silly addNameRange     '3.1.4',
50 silly addNameRange     '3.2.0',
50 silly addNameRange     '3.2.1',
50 silly addNameRange     '3.2.2',
50 silly addNameRange     '3.2.3',
50 silly addNameRange     '3.2.4',
50 silly addNameRange     '3.2.5',
50 silly addNameRange     '3.3.0',
50 silly addNameRange     '3.3.1',
50 silly addNameRange     '3.3.2',
50 silly addNameRange     '3.3.4',
50 silly addNameRange     '3.4.0',
50 silly addNameRange     '3.5.0',
50 silly addNameRange     '3.5.1',
50 silly addNameRange     '3.5.2',
50 silly addNameRange     '3.5.5',
50 silly addNameRange     '3.5.6',
50 silly addNameRange     '3.6.0',
50 silly addNameRange     '3.6.1',
50 silly addNameRange     '3.6.2',
50 silly addNameRange     '3.7.0',
50 silly addNameRange     '3.8.0',
50 silly addNameRange     '3.8.1',
50 silly addNameRange     '3.8.2',
50 silly addNameRange     '3.8.3',
50 silly addNameRange     '3.8.4',
50 silly addNameRange     '3.8.5',
50 silly addNameRange     '3.8.6',
50 silly addNameRange     '3.8.7',
50 silly addNameRange     '3.8.8',
50 silly addNameRange     '3.8.9',
50 silly addNameRange     '3.8.10' ] ]
51 verbose addNamed [ 'gulp', '3.8.10' ]
52 verbose addNamed [ '3.8.10', '3.8.10' ]
53 silly lockFile f843d0d7-gulp-3-8-10 gulp@3.8.10
54 verbose lock gulp@3.8.10 C:\Users\Robert.Southgate\AppData\Roaming\npm-cache\f843d0d7-gulp-3-8-10.lock
55 silly lockFile f843d0d7-gulp-3-8-10 gulp@3.8.10
56 silly lockFile f843d0d7-gulp-3-8-10 gulp@3.8.10
57 silly lockFile 72f4391e-gulp gulp@
58 silly lockFile 72f4391e-gulp gulp@
59 http 404 https://registry.npmjs.org/save-dev
60 verbose headers { date: 'Wed, 17 Dec 2014 13:44:51 GMT',
60 verbose headers   server: 'CouchDB/1.5.0 (Erlang OTP/R16B03)',
60 verbose headers   'content-type': 'application/json',
60 verbose headers   'cache-control': 'max-age=0',
60 verbose headers   'content-length': '52',
60 verbose headers   'accept-ranges': 'bytes',
60 verbose headers   via: '1.1 varnish',
60 verbose headers   age: '0',
60 verbose headers   'x-served-by': 'cache-lcy1132-LCY',
60 verbose headers   'x-cache': 'MISS',
60 verbose headers   'x-cache-hits': '0',
60 verbose headers   'x-timer': 'S1418823891.464842,VS0,VE349',
60 verbose headers   'keep-alive': 'timeout=10, max=50',
60 verbose headers   connection: 'Keep-Alive' }
61 silly registry.get cb [ 404,
61 silly registry.get   { date: 'Wed, 17 Dec 2014 13:44:51 GMT',
61 silly registry.get     server: 'CouchDB/1.5.0 (Erlang OTP/R16B03)',
61 silly registry.get     'content-type': 'application/json',
61 silly registry.get     'cache-control': 'max-age=0',
61 silly registry.get     'content-length': '52',
61 silly registry.get     'accept-ranges': 'bytes',
61 silly registry.get     via: '1.1 varnish',
61 silly registry.get     age: '0',
61 silly registry.get     'x-served-by': 'cache-lcy1132-LCY',
61 silly registry.get     'x-cache': 'MISS',
61 silly registry.get     'x-cache-hits': '0',
61 silly registry.get     'x-timer': 'S1418823891.464842,VS0,VE349',
61 silly registry.get     'keep-alive': 'timeout=10, max=50',
61 silly registry.get     connection: 'Keep-Alive' } ]
62 silly lockFile e7602a59-save-dev save-dev@
63 silly lockFile e7602a59-save-dev save-dev@
64 error 404 404 Not Found: save-dev
64 error 404
64 error 404 'save-dev' is not in the npm registry.
64 error 404 You should bug the author to publish it
64 error 404 It was specified as a dependency of 'socialsearch'
64 error 404
64 error 404 Note that you can also install from a
64 error 404 tarball, folder, or http url, or git url.
65 error System Windows_NT 6.2.9200
66 error command "c:\\Program Files\\nodejs\\node.exe" "c:\\Program Files\\nodejs\\node_modules\\npm\\bin\\npm-cli.js" "install" "--" "save-dev" "gulp"
67 error cwd c:\Users\Robert.Southgate\Desktop\socialsearch
68 error node -v v0.10.33
69 error npm -v 1.4.28
70 error code E404
71 verbose exit [ 1, true ]
